#
# A fatal error has been detected by the Java Runtime Environment:
#
#  SIGSEGV (0xb) at pc=0x00007fcda336280f, pid=15439, tid=0x00007fcd776f3700
#
# JRE version: OpenJDK Runtime Environment (8.0_111-b14) (build 1.8.0_111-8u111-b14-2ubuntu0.16.04.2-b14)
# Java VM: OpenJDK 64-Bit Server VM (25.111-b14 mixed mode linux-amd64 compressed oops)
# Problematic frame:
# C  [libjdwp.so+0x2780f]
#
# Failed to write core dump. Core dumps have been disabled. To enable core dumping, try "ulimit -c unlimited" before starting Java again
#
# If you would like to submit a bug report, please visit:
#   http://bugreport.java.com/bugreport/crash.jsp
# The crash happened outside the Java Virtual Machine in native code.
# See problematic frame for where to report the bug.
#

---------------  T H R E A D  ---------------

Current thread (0x00007fcd9c0bf800):  JavaThread "JDWP Event Helper Thread" daemon [_thread_in_native, id=15465, stack(0x00007fcd775f3000,0x00007fcd776f4000)]

siginfo: si_signo: 11 (SIGSEGV), si_code: 1 (SEGV_MAPERR), si_addr: 0x0000000000000000

Registers:
RAX=0x00007fcda3576760, RBX=0x0000000000000000, RCX=0x0000000000000000, RDX=0xffffffffffffffff
RSP=0x00007fcd776f2d40, RBP=0x00007fcd776f2d50, RSI=0x00007fcd9c0bf290, RDI=0x0000000000000000
R8 =0x0000000000000000, R9 =0x0000000000000089, R10=0x0000000000000000, R11=0x0000000000000206
R12=0x00007fcda3576f00, R13=0x0000000000000078, R14=0x00007fcd9c0bf9e0, R15=0x00007fcd9c0c00d0
RIP=0x00007fcda336280f, EFLAGS=0x0000000000010246, CSGSFS=0x0000000000000033, ERR=0x0000000000000004
  TRAPNO=0x000000000000000e

Top of Stack: (sp=0x00007fcd776f2d40)
0x00007fcd776f2d40:   0000000000000000 0000000000000000
0x00007fcd776f2d50:   00007fcd776f2d80 00007fcda3355194
0x00007fcd776f2d60:   00007fcd9c0bf800 00007fcda537db3c
0x00007fcd776f2d70:   00007fcda5379528 00007fcd9c0c04f8
0x00007fcd776f2d80:   00007fcd776f2db0 00007fcda4b91a60
0x00007fcd776f2d90:   00007fcd776f2db0 00007fcd9c0bf800
0x00007fcd776f2da0:   00007fcd776f2df0 00007fcd9c0c0120
0x00007fcd776f2db0:   00007fcd776f2e60 00007fcda4e69817
0x00007fcd776f2dc0:   00007fcd9c0c0110 00007fcd9c0c0120
0x00007fcd776f2dd0:   00007fcd9c0c04f8 00000000000003d8
0x00007fcd776f2de0:   00007fcd9c0bf800 00000000000003d8
0x00007fcd776f2df0:   00007fcd9c0bf800 00007fcd9c0c0500
0x00007fcd776f2e00:   00007fcd9c0c0540 00007fcd9c0c0550
0x00007fcd776f2e10:   00007fcd9c0c0628 00000000000000d8
0x00007fcd776f2e20:   00007fcd9c0c0760 ed04a3e54a42b800
0x00007fcd776f2e30:   0000000000000000 00007fcd9c0bf800
0x00007fcd776f2e40:   00007fcd9c0c0110 00007fcd9c0c0120
0x00007fcd776f2e50:   00007fcd9c0c00d0 00007fcd9c0c0120
0x00007fcd776f2e60:   00007fcd776f2f10 00007fcda4e69cdc
0x00007fcd776f2e70:   0000000000000000 00000000000003d8
0x00007fcd776f2e80:   0000000000000018 00007fcd00003c69
0x00007fcd776f2e90:   0000000000000006 00007fcd9c0c04f8
0x00007fcd776f2ea0:   0000000000000000 00007fcd9c0bf800
0x00007fcd776f2eb0:   00007fcd776f2f10 00007fcda4cd3dc2
0x00007fcd776f2ec0:   00007fcd9c0c12c0 00007fcd9c0c12e0
0x00007fcd776f2ed0:   00007fcd9c0bf800 ed04a3e54a42b800
0x00007fcd776f2ee0:   00007fcd776f2f10 00007fcd9c0c12c0
0x00007fcd776f2ef0:   00007fcd9c0c11d0 00007fcd9c0bf800
0x00007fcd776f2f00:   00007fcd776f39c0 0000000000000000
0x00007fcd776f2f10:   00007fcd776f2f50 00007fcda4d11082
0x00007fcd776f2f20:   0000000000000000 0000000000000000
0x00007fcd776f2f30:   0000000000000000 00007fcda619a88f 

Instructions: (pc=0x00007fcda336280f)
0x00007fcda33627ef:   00 55 48 89 fe 48 c7 c2 ff ff ff ff 48 89 e5 41
0x00007fcda33627ff:   54 4c 8d 25 f9 46 21 00 53 49 8b 04 24 48 8b 38
0x00007fcda336280f:   48 8b 07 ff 90 10 01 00 00 83 f8 34 0f 84 9f 00
0x00007fcda336281f:   00 00 83 f8 70 89 c3 74 70 85 db 74 79 89 df e8 

Register to memory mapping:

RAX=0x00007fcda3576760: <offset 0x23b760> in /usr/lib/jvm/java-8-openjdk-amd64/jre/lib/amd64/libjdwp.so at 0x00007fcda333b000
RBX=0x0000000000000000 is an unknown value
RCX=0x0000000000000000 is an unknown value
RDX=0xffffffffffffffff is an unknown value
RSP=0x00007fcd776f2d40 is pointing into the stack for thread: 0x00007fcd9c0bf800
RBP=0x00007fcd776f2d50 is pointing into the stack for thread: 0x00007fcd9c0bf800
RSI=0x00007fcd9c0bf290 is an unknown value
RDI=0x0000000000000000 is an unknown value
R8 =0x0000000000000000 is an unknown value
R9 =0x0000000000000089 is an unknown value
R10=0x0000000000000000 is an unknown value
R11=0x0000000000000206 is an unknown value
R12=0x00007fcda3576f00: <offset 0x23bf00> in /usr/lib/jvm/java-8-openjdk-amd64/jre/lib/amd64/libjdwp.so at 0x00007fcda333b000
R13=0x0000000000000078 is an unknown value
R14=0x00007fcd9c0bf9e0 is an unknown value
R15=0x00007fcd9c0c00d0 is an unknown value


Stack: [0x00007fcd775f3000,0x00007fcd776f4000],  sp=0x00007fcd776f2d40,  free space=1023k
Native frames: (J=compiled Java code, j=interpreted, Vv=VM code, C=native code)
C  [libjdwp.so+0x2780f]
C  [libjdwp.so+0x1a194]
V  [libjvm.so+0x731a60]
V  [libjvm.so+0xa09817]
V  [libjvm.so+0xa09cdc]
V  [libjvm.so+0x8b1082]
C  [libpthread.so.0+0x76ba]